<?xml version="1.0" encoding="UTF-8"?>
<!-- Generated by org.testng.reporters.JUnitXMLReporter -->
<testsuite ignored="0" hostname="DESKTOP-QQS5BR8" failures="0" tests="3" name="Default test" time="19.468" errors="0" timestamp="2026-01-27T22:24:48 AST">
  <testcase classname="findelements.TestCases" name="login" time="0.412"/>
  <testcase classname="findelements.TestCases" name="addElements" time="0.55"/>
  <testcase classname="findelements.TestCases" name="removeElements" time="13.267"/>
</testsuite> <!-- Default test -->
