<?xml version="1.0" encoding="UTF-8"?>
<!-- Generated by org.testng.reporters.JUnitXMLReporter -->
<testsuite ignored="0" hostname="DESKTOP-QQS5BR8" failures="0" tests="3" name="Test2" time="17.137" errors="0" timestamp="2026-01-27T22:13:40 AST">
  <testcase classname="findelements.TestCases" name="login" time="0.275"/>
  <testcase classname="findelements.TestCases" name="addElements" time="0.311"/>
  <testcase classname="findelements.TestCases" name="removeElements" time="12.839"/>
</testsuite> <!-- Test2 -->
