<?xml version="1.0" encoding="UTF-8"?>
<!-- Generated by org.testng.reporters.JUnitXMLReporter -->
<testsuite ignored="0" hostname="DESKTOP-QQS5BR8" failures="0" tests="3" name="Test3" time="19.981" errors="0" timestamp="2026-01-27T22:14:00 AST">
  <testcase classname="findelements.TestCases" name="login" time="0.264"/>
  <testcase classname="findelements.TestCases" name="addElements" time="0.334"/>
  <testcase classname="findelements.TestCases" name="removeElements" time="12.878"/>
</testsuite> <!-- Test3 -->
