<?xml version="1.0" encoding="UTF-8"?>
<!-- Generated by org.testng.reporters.JUnitReportReporter -->
<testsuite hostname="DESKTOP-QQS5BR8" failures="0" tests="3" name="findelements.TestCases" time="14.229" errors="0" timestamp="2026-01-27T22:24:48 AST" skipped="0">
  <testcase classname="findelements.TestCases" name="login" time="0.412"/>
  <testcase classname="findelements.TestCases" name="addElements" time="0.550"/>
  <testcase classname="findelements.TestCases" name="removeElements" time="13.267"/>
</testsuite> <!-- findelements.TestCases -->
